KJ917623.1	gi|631252228|ref|NR_113426.1|	0.0	2549	631252228	NR_113426	223182	Halobacterium noricense	Halobacterium noricense	Halobacterium noricense strain JCM 15102 16S ribosomal RNA, complete sequence
KJ917623.1	gi|254971269|ref|NR_028187.1|	0.0	2527	254971269	NR_028187	223182	Halobacterium noricense	Halobacterium noricense	Halobacterium noricense strain A1 16S ribosomal RNA, partial sequence
KJ917623.1	gi|631252227|ref|NR_113425.1|	0.0	2355	631252227	NR_113425	355548	Halobacterium jilantaiense	Halobacterium jilantaiense	Halobacterium jilantaiense strain JCM 13558 16S ribosomal RNA, complete sequence
KJ917623.1	gi|631251662|ref|NR_112860.1|	0.0	2335	631251662	NR_112860	355548	Halobacterium jilantaiense	Halobacterium jilantaiense	Halobacterium jilantaiense strain JCM 13558 16S ribosomal RNA, partial sequence
KJ917623.1	gi|631252230|ref|NR_113428.1|	0.0	2331	631252230	NR_113428	2242	Halobacterium salinarum	Halobacterium salinarum	Halobacterium salinarum strain JCM 8978 16S ribosomal RNA, complete sequence
KJ917624.1	gi|631252228|ref|NR_113426.1|	0.0	2567	631252228	NR_113426	223182	Halobacterium noricense	Halobacterium noricense	Halobacterium noricense strain JCM 15102 16S ribosomal RNA, complete sequence
KJ917624.1	gi|254971269|ref|NR_028187.1|	0.0	2543	254971269	NR_028187	223182	Halobacterium noricense	Halobacterium noricense	Halobacterium noricense strain A1 16S ribosomal RNA, partial sequence
KJ917624.1	gi|631252227|ref|NR_113425.1|	0.0	2368	631252227	NR_113425	355548	Halobacterium jilantaiense	Halobacterium jilantaiense	Halobacterium jilantaiense strain JCM 13558 16S ribosomal RNA, complete sequence
KJ917624.1	gi|631251662|ref|NR_112860.1|	0.0	2346	631251662	NR_112860	355548	Halobacterium jilantaiense	Halobacterium jilantaiense	Halobacterium jilantaiense strain JCM 13558 16S ribosomal RNA, partial sequence
KJ917624.1	gi|631252230|ref|NR_113428.1|	0.0	2340	631252230	NR_113428	2242	Halobacterium salinarum	Halobacterium salinarum	Halobacterium salinarum strain JCM 8978 16S ribosomal RNA, complete sequence
KJ917625.1	gi|631252256|ref|NR_113454.1|	0.0	2436	631252256	NR_113454	699431	Halolamina pelagica	Halolamina pelagica	Halolamina pelagica strain JCM 16809 16S ribosomal RNA, complete sequence
KJ917625.1	gi|645320203|ref|NR_117464.1|	0.0	2436	645320203	NR_117464	699431	Halolamina pelagica	Halolamina pelagica	Halolamina pelagica strain TBN21 16S ribosomal RNA, complete sequence
KJ917625.1	gi|672239038|ref|NR_125627.1|	0.0	2429	672239038	NR_125627	1202767	Halolamina salifodinae	Halolamina salifodinae	Halolamina salifodinae strain WSY15-H1 16S ribosomal RNA, partial sequence
KJ917625.1	gi|672239041|ref|NR_125630.1|	0.0	2403	672239041	NR_125630	1220023	Halolamina salina	Halolamina salina	Halolamina salina strain WSY15-H3 16S ribosomal RNA, partial sequence
KJ917625.1	gi|672238891|ref|NR_125479.1|	0.0	2398	672238891	NR_125479	1220023	Halolamina salina	Halolamina salina	Halolamina salina strain JCM 18549 16S ribosomal RNA, partial sequence
KJ917626.1	gi|672239038|ref|NR_125627.1|	0.0	2449	672239038	NR_125627	1202767	Halolamina salifodinae	Halolamina salifodinae	Halolamina salifodinae strain WSY15-H1 16S ribosomal RNA, partial sequence
KJ917626.1	gi|1179766729|ref|NR_146679.1|	0.0	2438	1179766729	NR_146679	1515593	Halolamina litorea	Halolamina litorea	Halolamina litorea strain YJ-41 16S ribosomal RNA, partial sequence
KJ917626.1	gi|631252256|ref|NR_113454.1|	0.0	2377	631252256	NR_113454	699431	Halolamina pelagica	Halolamina pelagica	Halolamina pelagica strain JCM 16809 16S ribosomal RNA, complete sequence
KJ917626.1	gi|645320203|ref|NR_117464.1|	0.0	2377	645320203	NR_117464	699431	Halolamina pelagica	Halolamina pelagica	Halolamina pelagica strain TBN21 16S ribosomal RNA, complete sequence
KJ917626.1	gi|699005425|ref|NR_126294.1|	0.0	2361	699005425	NR_126294	1380430	Halolamina rubra	Halolamina rubra	Halolamina rubra strain CBA1107 16S ribosomal RNA, partial sequence
KJ917627.1	gi|672239038|ref|NR_125627.1|	0.0	2416	672239038	NR_125627	1202767	Halolamina salifodinae	Halolamina salifodinae	Halolamina salifodinae strain WSY15-H1 16S ribosomal RNA, partial sequence
KJ917627.1	gi|1179766729|ref|NR_146679.1|	0.0	2405	1179766729	NR_146679	1515593	Halolamina litorea	Halolamina litorea	Halolamina litorea strain YJ-41 16S ribosomal RNA, partial sequence
KJ917627.1	gi|631252256|ref|NR_113454.1|	0.0	2340	631252256	NR_113454	699431	Halolamina pelagica	Halolamina pelagica	Halolamina pelagica strain JCM 16809 16S ribosomal RNA, complete sequence
KJ917627.1	gi|645320203|ref|NR_117464.1|	0.0	2340	645320203	NR_117464	699431	Halolamina pelagica	Halolamina pelagica	Halolamina pelagica strain TBN21 16S ribosomal RNA, complete sequence
KJ917627.1	gi|699005425|ref|NR_126294.1|	0.0	2320	699005425	NR_126294	1380430	Halolamina rubra	Halolamina rubra	Halolamina rubra strain CBA1107 16S ribosomal RNA, partial sequence
KJ917628.1	gi|672239038|ref|NR_125627.1|	0.0	1105	672239038	NR_125627	1202767	Halolamina salifodinae	Halolamina salifodinae	Halolamina salifodinae strain WSY15-H1 16S ribosomal RNA, partial sequence
KJ917628.1	gi|631252256|ref|NR_113454.1|	0.0	1094	631252256	NR_113454	699431	Halolamina pelagica	Halolamina pelagica	Halolamina pelagica strain JCM 16809 16S ribosomal RNA, complete sequence
KJ917628.1	gi|645320203|ref|NR_117464.1|	0.0	1094	645320203	NR_117464	699431	Halolamina pelagica	Halolamina pelagica	Halolamina pelagica strain TBN21 16S ribosomal RNA, complete sequence
KJ917628.1	gi|1024974732|ref|NR_136783.1|	0.0	1077	1024974732	NR_136783	1480675	Halolamina sediminis	Halolamina sediminis	Halolamina sediminis strain halo-7 16S ribosomal RNA, partial sequence
KJ917628.1	gi|672239041|ref|NR_125630.1|	0.0	1066	672239041	NR_125630	1220023	Halolamina salina	Halolamina salina	Halolamina salina strain WSY15-H3 16S ribosomal RNA, partial sequence
KJ917629.1	gi|672239038|ref|NR_125627.1|	0.0	1014	672239038	NR_125627	1202767	Halolamina salifodinae	Halolamina salifodinae	Halolamina salifodinae strain WSY15-H1 16S ribosomal RNA, partial sequence
KJ917629.1	gi|1179766729|ref|NR_146679.1|	0.0	979	1179766729	NR_146679	1515593	Halolamina litorea	Halolamina litorea	Halolamina litorea strain YJ-41 16S ribosomal RNA, partial sequence
KJ917629.1	gi|631252256|ref|NR_113454.1|	0.0	961	631252256	NR_113454	699431	Halolamina pelagica	Halolamina pelagica	Halolamina pelagica strain JCM 16809 16S ribosomal RNA, complete sequence
KJ917629.1	gi|645320203|ref|NR_117464.1|	0.0	961	645320203	NR_117464	699431	Halolamina pelagica	Halolamina pelagica	Halolamina pelagica strain TBN21 16S ribosomal RNA, complete sequence
KJ917629.1	gi|1024974732|ref|NR_136783.1|	0.0	944	1024974732	NR_136783	1480675	Halolamina sediminis	Halolamina sediminis	Halolamina sediminis strain halo-7 16S ribosomal RNA, partial sequence
